<?xml version="1.0" encoding="UTF-8"?>
<!-- Generated by org.testng.reporters.JUnitReportReporter -->
<testsuite hostname="DESKTOP-BNIRTNQ" failures="0" tests="1" name="com.sauceDemo.TestClasses.TC03LogOutFunctionality" time="16.535" errors="0" timestamp="2022-04-13T19:26:27 IST" skipped="0">
  <testcase classname="com.sauceDemo.TestClasses.TC03LogOutFunctionality" name="verifyLogOutFunctionality" time="16.535"/>
  <system-out/>
</testsuite> <!-- com.sauceDemo.TestClasses.TC03LogOutFunctionality -->
