<?xml version="1.0" encoding="UTF-8"?>
<!-- Generated by org.testng.reporters.JUnitReportReporter -->
<testsuite hostname="DESKTOP-BNIRTNQ" failures="0" tests="1" name="com.sauceDemo.TestClasses.TC02AddToCartFunctionalitySingleProduct" time="18.804" errors="0" timestamp="2022-04-13T19:26:27 IST" skipped="0">
  <testcase classname="com.sauceDemo.TestClasses.TC02AddToCartFunctionalitySingleProduct" name="verifyAddToCartFunctionality" time="18.804"/>
  <system-out/>
</testsuite> <!-- com.sauceDemo.TestClasses.TC02AddToCartFunctionalitySingleProduct -->
